2022-11-11 13:46:36.249  INFO 15556 --- [restartedMain] c.a.CalipersassignmentApplication        : Starting CalipersassignmentApplication using Java 17.0.4.1 on Chatterjee4 with PID 15556 (C:\Users\sampa\Documents\Calipers Assignment\calipersassignment\target\classes started by sampa in C:\Users\sampa\Documents\Calipers Assignment\calipersassignment)
2022-11-11 13:46:36.249  INFO 15556 --- [restartedMain] c.a.CalipersassignmentApplication        : No active profile set, falling back to 1 default profile: "default"
2022-11-11 13:46:36.515  INFO 15556 --- [restartedMain] .s.d.r.c.RepositoryConfigurationDelegate : Bootstrapping Spring Data JPA repositories in DEFAULT mode.
2022-11-11 13:46:36.546  INFO 15556 --- [restartedMain] .s.d.r.c.RepositoryConfigurationDelegate : Finished Spring Data repository scanning in 26 ms. Found 4 JPA repository interfaces.
2022-11-11 13:46:36.656  INFO 15556 --- [restartedMain] o.s.b.w.embedded.tomcat.TomcatWebServer  : Tomcat initialized with port(s): 8888 (http)
2022-11-11 13:46:36.656  INFO 15556 --- [restartedMain] o.apache.catalina.core.StandardService   : Starting service [Tomcat]
2022-11-11 13:46:36.656  INFO 15556 --- [restartedMain] org.apache.catalina.core.StandardEngine  : Starting Servlet engine: [Apache Tomcat/9.0.68]
2022-11-11 13:46:36.687  INFO 15556 --- [restartedMain] o.a.c.c.C.[Tomcat].[localhost].[/]       : Initializing Spring embedded WebApplicationContext
2022-11-11 13:46:36.687  INFO 15556 --- [restartedMain] w.s.c.ServletWebServerApplicationContext : Root WebApplicationContext: initialization completed in 438 ms
2022-11-11 13:46:36.734  INFO 15556 --- [restartedMain] o.hibernate.jpa.internal.util.LogHelper  : HHH000204: Processing PersistenceUnitInfo [name: default]
2022-11-11 13:46:36.734  INFO 15556 --- [restartedMain] com.zaxxer.hikari.HikariDataSource       : HikariPool-11 - Starting...
2022-11-11 13:46:36.749  INFO 15556 --- [restartedMain] com.zaxxer.hikari.HikariDataSource       : HikariPool-11 - Start completed.
2022-11-11 13:46:36.749  INFO 15556 --- [restartedMain] org.hibernate.dialect.Dialect            : HHH000400: Using dialect: org.hibernate.dialect.MySQL8Dialect
2022-11-11 13:46:36.843  INFO 15556 --- [restartedMain] o.h.e.t.j.p.i.JtaPlatformInitiator       : HHH000490: Using JtaPlatform implementation: [org.hibernate.engine.transaction.jta.platform.internal.NoJtaPlatform]
2022-11-11 13:46:36.859  INFO 15556 --- [restartedMain] j.LocalContainerEntityManagerFactoryBean : Initialized JPA EntityManagerFactory for persistence unit 'default'
2022-11-11 13:46:37.046  WARN 15556 --- [restartedMain] JpaBaseConfiguration$JpaWebConfiguration : spring.jpa.open-in-view is enabled by default. Therefore, database queries may be performed during view rendering. Explicitly configure spring.jpa.open-in-view to disable this warning
2022-11-11 13:46:37.703  INFO 15556 --- [restartedMain] o.s.b.d.a.OptionalLiveReloadServer       : LiveReload server is running on port 35729
2022-11-11 13:46:37.718  INFO 15556 --- [restartedMain] o.s.b.w.embedded.tomcat.TomcatWebServer  : Tomcat started on port(s): 8888 (http) with context path ''
2022-11-11 13:46:37.718  INFO 15556 --- [restartedMain] c.a.CalipersassignmentApplication        : Started CalipersassignmentApplication in 1.532 seconds (JVM running for 3026.404)
2022-11-11 13:46:37.734  INFO 15556 --- [restartedMain] .ConditionEvaluationDeltaLoggingListener : Condition evaluation unchanged
2022-11-11 13:47:05.322  INFO 15556 --- [RMI TCP Connection(55)-127.0.0.1] inMXBeanRegistrar$SpringApplicationAdmin : Application shutdown requested.
2022-11-11 13:47:05.332  INFO 15556 --- [RMI TCP Connection(55)-127.0.0.1] o.apache.catalina.core.StandardService   : Stopping service [Tomcat]
2022-11-11 13:47:05.336  INFO 15556 --- [RMI TCP Connection(55)-127.0.0.1] j.LocalContainerEntityManagerFactoryBean : Closing JPA EntityManagerFactory for persistence unit 'default'
2022-11-11 13:47:05.337  INFO 15556 --- [RMI TCP Connection(55)-127.0.0.1] com.zaxxer.hikari.HikariDataSource       : HikariPool-11 - Shutdown initiated...
2022-11-11 13:47:05.342  INFO 15556 --- [RMI TCP Connection(55)-127.0.0.1] com.zaxxer.hikari.HikariDataSource       : HikariPool-11 - Shutdown completed.
2022-11-11 13:49:06.901  INFO 19356 --- [restartedMain] c.a.CalipersassignmentApplication        : Starting CalipersassignmentApplication using Java 17.0.4.1 on Chatterjee4 with PID 19356 (C:\Users\sampa\Documents\Calipers Assignment\calipersassignment\target\classes started by sampa in C:\Users\sampa\Documents\Calipers Assignment\calipersassignment)
2022-11-11 13:49:06.903  INFO 19356 --- [restartedMain] c.a.CalipersassignmentApplication        : No active profile set, falling back to 1 default profile: "default"
2022-11-11 13:49:06.977  INFO 19356 --- [restartedMain] .e.DevToolsPropertyDefaultsPostProcessor : Devtools property defaults active! Set 'spring.devtools.add-properties' to 'false' to disable
2022-11-11 13:49:06.978  INFO 19356 --- [restartedMain] .e.DevToolsPropertyDefaultsPostProcessor : For additional web related logging consider setting the 'logging.level.web' property to 'DEBUG'
2022-11-11 13:49:07.843  INFO 19356 --- [restartedMain] .s.d.r.c.RepositoryConfigurationDelegate : Bootstrapping Spring Data JPA repositories in DEFAULT mode.
2022-11-11 13:49:07.933  INFO 19356 --- [restartedMain] .s.d.r.c.RepositoryConfigurationDelegate : Finished Spring Data repository scanning in 78 ms. Found 4 JPA repository interfaces.
2022-11-11 13:49:08.637  INFO 19356 --- [restartedMain] o.s.b.w.embedded.tomcat.TomcatWebServer  : Tomcat initialized with port(s): 8888 (http)
2022-11-11 13:49:08.652  INFO 19356 --- [restartedMain] o.apache.catalina.core.StandardService   : Starting service [Tomcat]
2022-11-11 13:49:08.653  INFO 19356 --- [restartedMain] org.apache.catalina.core.StandardEngine  : Starting Servlet engine: [Apache Tomcat/9.0.68]
2022-11-11 13:49:08.952  INFO 19356 --- [restartedMain] o.a.c.c.C.[Tomcat].[localhost].[/]       : Initializing Spring embedded WebApplicationContext
2022-11-11 13:49:08.953  INFO 19356 --- [restartedMain] w.s.c.ServletWebServerApplicationContext : Root WebApplicationContext: initialization completed in 1975 ms
2022-11-11 13:49:09.189  INFO 19356 --- [restartedMain] o.hibernate.jpa.internal.util.LogHelper  : HHH000204: Processing PersistenceUnitInfo [name: default]
2022-11-11 13:49:09.269  INFO 19356 --- [restartedMain] org.hibernate.Version                    : HHH000412: Hibernate ORM core version 5.6.12.Final
2022-11-11 13:49:09.491  INFO 19356 --- [restartedMain] o.hibernate.annotations.common.Version   : HCANN000001: Hibernate Commons Annotations {5.1.2.Final}
2022-11-11 13:49:09.632  INFO 19356 --- [restartedMain] com.zaxxer.hikari.HikariDataSource       : HikariPool-1 - Starting...
2022-11-11 13:49:10.105  INFO 19356 --- [restartedMain] com.zaxxer.hikari.HikariDataSource       : HikariPool-1 - Start completed.
2022-11-11 13:49:10.175  INFO 19356 --- [restartedMain] org.hibernate.dialect.Dialect            : HHH000400: Using dialect: org.hibernate.dialect.MySQL8Dialect
2022-11-11 13:49:11.579  INFO 19356 --- [restartedMain] o.h.e.t.j.p.i.JtaPlatformInitiator       : HHH000490: Using JtaPlatform implementation: [org.hibernate.engine.transaction.jta.platform.internal.NoJtaPlatform]
2022-11-11 13:49:11.594  INFO 19356 --- [restartedMain] j.LocalContainerEntityManagerFactoryBean : Initialized JPA EntityManagerFactory for persistence unit 'default'
2022-11-11 13:49:12.457  WARN 19356 --- [restartedMain] JpaBaseConfiguration$JpaWebConfiguration : spring.jpa.open-in-view is enabled by default. Therefore, database queries may be performed during view rendering. Explicitly configure spring.jpa.open-in-view to disable this warning
2022-11-11 13:49:13.628  INFO 19356 --- [restartedMain] o.s.b.d.a.OptionalLiveReloadServer       : LiveReload server is running on port 35729
2022-11-11 13:49:13.685  INFO 19356 --- [restartedMain] o.s.b.w.embedded.tomcat.TomcatWebServer  : Tomcat started on port(s): 8888 (http) with context path ''
2022-11-11 13:49:13.701  INFO 19356 --- [restartedMain] c.a.CalipersassignmentApplication        : Started CalipersassignmentApplication in 7.242 seconds (JVM running for 8.399)
2022-11-11 13:52:28.377  INFO 19356 --- [File Watcher] rtingClassPathChangeChangedEventListener : Restarting due to 1 class path change (1 addition, 0 deletions, 0 modifications)
2022-11-11 13:52:28.395  INFO 19356 --- [Thread-5] o.apache.catalina.core.StandardService   : Stopping service [Tomcat]
2022-11-11 13:52:28.405  INFO 19356 --- [Thread-5] j.LocalContainerEntityManagerFactoryBean : Closing JPA EntityManagerFactory for persistence unit 'default'
2022-11-11 13:52:28.409  INFO 19356 --- [Thread-5] com.zaxxer.hikari.HikariDataSource       : HikariPool-1 - Shutdown initiated...
2022-11-11 13:52:28.420  INFO 19356 --- [Thread-5] com.zaxxer.hikari.HikariDataSource       : HikariPool-1 - Shutdown completed.
2022-11-11 13:52:28.533  INFO 19356 --- [restartedMain] c.a.CalipersassignmentApplication        : Starting CalipersassignmentApplication using Java 17.0.4.1 on Chatterjee4 with PID 19356 (C:\Users\sampa\Documents\Calipers Assignment\calipersassignment\target\classes started by sampa in C:\Users\sampa\Documents\Calipers Assignment\calipersassignment)
2022-11-11 13:52:28.533  INFO 19356 --- [restartedMain] c.a.CalipersassignmentApplication        : No active profile set, falling back to 1 default profile: "default"
2022-11-11 13:52:28.827  INFO 19356 --- [restartedMain] .s.d.r.c.RepositoryConfigurationDelegate : Bootstrapping Spring Data JPA repositories in DEFAULT mode.
2022-11-11 13:52:28.863  INFO 19356 --- [restartedMain] .s.d.r.c.RepositoryConfigurationDelegate : Finished Spring Data repository scanning in 36 ms. Found 4 JPA repository interfaces.
2022-11-11 13:52:28.977  INFO 19356 --- [restartedMain] o.s.b.w.embedded.tomcat.TomcatWebServer  : Tomcat initialized with port(s): 8888 (http)
2022-11-11 13:52:28.978  INFO 19356 --- [restartedMain] o.apache.catalina.core.StandardService   : Starting service [Tomcat]
2022-11-11 13:52:28.978  INFO 19356 --- [restartedMain] org.apache.catalina.core.StandardEngine  : Starting Servlet engine: [Apache Tomcat/9.0.68]
2022-11-11 13:52:29.013  INFO 19356 --- [restartedMain] o.a.c.c.C.[Tomcat].[localhost].[/]       : Initializing Spring embedded WebApplicationContext
2022-11-11 13:52:29.014  INFO 19356 --- [restartedMain] w.s.c.ServletWebServerApplicationContext : Root WebApplicationContext: initialization completed in 477 ms
2022-11-11 13:52:29.058  INFO 19356 --- [restartedMain] o.hibernate.jpa.internal.util.LogHelper  : HHH000204: Processing PersistenceUnitInfo [name: default]
2022-11-11 13:52:29.065  INFO 19356 --- [restartedMain] com.zaxxer.hikari.HikariDataSource       : HikariPool-2 - Starting...
2022-11-11 13:52:29.083  INFO 19356 --- [restartedMain] com.zaxxer.hikari.HikariDataSource       : HikariPool-2 - Start completed.
2022-11-11 13:52:29.084  INFO 19356 --- [restartedMain] org.hibernate.dialect.Dialect            : HHH000400: Using dialect: org.hibernate.dialect.MySQL8Dialect
2022-11-11 13:52:29.218  INFO 19356 --- [restartedMain] o.h.e.t.j.p.i.JtaPlatformInitiator       : HHH000490: Using JtaPlatform implementation: [org.hibernate.engine.transaction.jta.platform.internal.NoJtaPlatform]
2022-11-11 13:52:29.219  INFO 19356 --- [restartedMain] j.LocalContainerEntityManagerFactoryBean : Initialized JPA EntityManagerFactory for persistence unit 'default'
2022-11-11 13:52:29.464  WARN 19356 --- [restartedMain] JpaBaseConfiguration$JpaWebConfiguration : spring.jpa.open-in-view is enabled by default. Therefore, database queries may be performed during view rendering. Explicitly configure spring.jpa.open-in-view to disable this warning
2022-11-11 13:52:30.131  INFO 19356 --- [restartedMain] o.s.b.d.a.OptionalLiveReloadServer       : LiveReload server is running on port 35729
2022-11-11 13:52:30.160  INFO 19356 --- [restartedMain] o.s.b.w.embedded.tomcat.TomcatWebServer  : Tomcat started on port(s): 8888 (http) with context path ''
2022-11-11 13:52:30.165  INFO 19356 --- [restartedMain] c.a.CalipersassignmentApplication        : Started CalipersassignmentApplication in 1.682 seconds (JVM running for 204.864)
2022-11-11 13:52:30.168  INFO 19356 --- [restartedMain] .ConditionEvaluationDeltaLoggingListener : Condition evaluation unchanged
2022-11-11 13:55:09.644  INFO 19356 --- [File Watcher] rtingClassPathChangeChangedEventListener : Restarting due to 1 class path change (0 additions, 0 deletions, 1 modification)
2022-11-11 13:55:09.644  INFO 19356 --- [Thread-7] o.apache.catalina.core.StandardService   : Stopping service [Tomcat]
2022-11-11 13:55:09.659  INFO 19356 --- [Thread-7] j.LocalContainerEntityManagerFactoryBean : Closing JPA EntityManagerFactory for persistence unit 'default'
2022-11-11 13:55:09.659  INFO 19356 --- [Thread-7] com.zaxxer.hikari.HikariDataSource       : HikariPool-2 - Shutdown initiated...
2022-11-11 13:55:09.659  INFO 19356 --- [Thread-7] com.zaxxer.hikari.HikariDataSource       : HikariPool-2 - Shutdown completed.
2022-11-11 13:55:09.769  INFO 19356 --- [restartedMain] c.a.CalipersassignmentApplication        : Starting CalipersassignmentApplication using Java 17.0.4.1 on Chatterjee4 with PID 19356 (C:\Users\sampa\Documents\Calipers Assignment\calipersassignment\target\classes started by sampa in C:\Users\sampa\Documents\Calipers Assignment\calipersassignment)
2022-11-11 13:55:09.769  INFO 19356 --- [restartedMain] c.a.CalipersassignmentApplication        : No active profile set, falling back to 1 default profile: "default"
2022-11-11 13:55:10.034  INFO 19356 --- [restartedMain] .s.d.r.c.RepositoryConfigurationDelegate : Bootstrapping Spring Data JPA repositories in DEFAULT mode.
2022-11-11 13:55:10.066  INFO 19356 --- [restartedMain] .s.d.r.c.RepositoryConfigurationDelegate : Finished Spring Data repository scanning in 31 ms. Found 4 JPA repository interfaces.
2022-11-11 13:55:10.175  INFO 19356 --- [restartedMain] o.s.b.w.embedded.tomcat.TomcatWebServer  : Tomcat initialized with port(s): 8888 (http)
2022-11-11 13:55:10.175  INFO 19356 --- [restartedMain] o.apache.catalina.core.StandardService   : Starting service [Tomcat]
2022-11-11 13:55:10.175  INFO 19356 --- [restartedMain] org.apache.catalina.core.StandardEngine  : Starting Servlet engine: [Apache Tomcat/9.0.68]
2022-11-11 13:55:10.206  INFO 19356 --- [restartedMain] o.a.c.c.C.[Tomcat].[localhost].[/]       : Initializing Spring embedded WebApplicationContext
2022-11-11 13:55:10.206  INFO 19356 --- [restartedMain] w.s.c.ServletWebServerApplicationContext : Root WebApplicationContext: initialization completed in 422 ms
2022-11-11 13:55:10.253  INFO 19356 --- [restartedMain] o.hibernate.jpa.internal.util.LogHelper  : HHH000204: Processing PersistenceUnitInfo [name: default]
2022-11-11 13:55:10.269  INFO 19356 --- [restartedMain] com.zaxxer.hikari.HikariDataSource       : HikariPool-3 - Starting...
2022-11-11 13:55:10.284  INFO 19356 --- [restartedMain] com.zaxxer.hikari.HikariDataSource       : HikariPool-3 - Start completed.
2022-11-11 13:55:10.284  INFO 19356 --- [restartedMain] org.hibernate.dialect.Dialect            : HHH000400: Using dialect: org.hibernate.dialect.MySQL8Dialect
2022-11-11 13:55:10.425  INFO 19356 --- [restartedMain] o.h.e.t.j.p.i.JtaPlatformInitiator       : HHH000490: Using JtaPlatform implementation: [org.hibernate.engine.transaction.jta.platform.internal.NoJtaPlatform]
2022-11-11 13:55:10.425  INFO 19356 --- [restartedMain] j.LocalContainerEntityManagerFactoryBean : Initialized JPA EntityManagerFactory for persistence unit 'default'
2022-11-11 13:55:10.628  WARN 19356 --- [restartedMain] JpaBaseConfiguration$JpaWebConfiguration : spring.jpa.open-in-view is enabled by default. Therefore, database queries may be performed during view rendering. Explicitly configure spring.jpa.open-in-view to disable this warning
2022-11-11 13:55:11.232  INFO 19356 --- [restartedMain] o.s.b.d.a.OptionalLiveReloadServer       : LiveReload server is running on port 35729
2022-11-11 13:55:11.247  INFO 19356 --- [restartedMain] o.s.b.w.embedded.tomcat.TomcatWebServer  : Tomcat started on port(s): 8888 (http) with context path ''
2022-11-11 13:55:11.252  INFO 19356 --- [restartedMain] c.a.CalipersassignmentApplication        : Started CalipersassignmentApplication in 1.51 seconds (JVM running for 365.951)
2022-11-11 13:55:11.254  INFO 19356 --- [restartedMain] .ConditionEvaluationDeltaLoggingListener : Condition evaluation unchanged
2022-11-11 13:55:28.151  INFO 19356 --- [File Watcher] rtingClassPathChangeChangedEventListener : Restarting due to 1 class path change (1 addition, 0 deletions, 0 modifications)
2022-11-11 13:55:28.162  INFO 19356 --- [Thread-11] o.apache.catalina.core.StandardService   : Stopping service [Tomcat]
2022-11-11 13:55:28.168  INFO 19356 --- [Thread-11] j.LocalContainerEntityManagerFactoryBean : Closing JPA EntityManagerFactory for persistence unit 'default'
2022-11-11 13:55:28.168  INFO 19356 --- [Thread-11] com.zaxxer.hikari.HikariDataSource       : HikariPool-3 - Shutdown initiated...
2022-11-11 13:55:28.174  INFO 19356 --- [Thread-11] com.zaxxer.hikari.HikariDataSource       : HikariPool-3 - Shutdown completed.
2022-11-11 13:55:28.271  INFO 19356 --- [restartedMain] c.a.CalipersassignmentApplication        : Starting CalipersassignmentApplication using Java 17.0.4.1 on Chatterjee4 with PID 19356 (C:\Users\sampa\Documents\Calipers Assignment\calipersassignment\target\classes started by sampa in C:\Users\sampa\Documents\Calipers Assignment\calipersassignment)
2022-11-11 13:55:28.272  INFO 19356 --- [restartedMain] c.a.CalipersassignmentApplication        : No active profile set, falling back to 1 default profile: "default"
2022-11-11 13:55:28.548  INFO 19356 --- [restartedMain] .s.d.r.c.RepositoryConfigurationDelegate : Bootstrapping Spring Data JPA repositories in DEFAULT mode.
2022-11-11 13:55:28.581  INFO 19356 --- [restartedMain] .s.d.r.c.RepositoryConfigurationDelegate : Finished Spring Data repository scanning in 32 ms. Found 4 JPA repository interfaces.
2022-11-11 13:55:28.668  INFO 19356 --- [restartedMain] o.s.b.w.embedded.tomcat.TomcatWebServer  : Tomcat initialized with port(s): 8888 (http)
2022-11-11 13:55:28.669  INFO 19356 --- [restartedMain] o.apache.catalina.core.StandardService   : Starting service [Tomcat]
2022-11-11 13:55:28.669  INFO 19356 --- [restartedMain] org.apache.catalina.core.StandardEngine  : Starting Servlet engine: [Apache Tomcat/9.0.68]
2022-11-11 13:55:28.701  INFO 19356 --- [restartedMain] o.a.c.c.C.[Tomcat].[localhost].[/]       : Initializing Spring embedded WebApplicationContext
2022-11-11 13:55:28.702  INFO 19356 --- [restartedMain] w.s.c.ServletWebServerApplicationContext : Root WebApplicationContext: initialization completed in 427 ms
2022-11-11 13:55:28.747  INFO 19356 --- [restartedMain] o.hibernate.jpa.internal.util.LogHelper  : HHH000204: Processing PersistenceUnitInfo [name: default]
2022-11-11 13:55:28.754  INFO 19356 --- [restartedMain] com.zaxxer.hikari.HikariDataSource       : HikariPool-4 - Starting...
2022-11-11 13:55:28.772  INFO 19356 --- [restartedMain] com.zaxxer.hikari.HikariDataSource       : HikariPool-4 - Start completed.
2022-11-11 13:55:28.772  INFO 19356 --- [restartedMain] org.hibernate.dialect.Dialect            : HHH000400: Using dialect: org.hibernate.dialect.MySQL8Dialect
2022-11-11 13:55:28.903  INFO 19356 --- [restartedMain] o.h.e.t.j.p.i.JtaPlatformInitiator       : HHH000490: Using JtaPlatform implementation: [org.hibernate.engine.transaction.jta.platform.internal.NoJtaPlatform]
2022-11-11 13:55:28.903  INFO 19356 --- [restartedMain] j.LocalContainerEntityManagerFactoryBean : Initialized JPA EntityManagerFactory for persistence unit 'default'
2022-11-11 13:55:29.101  WARN 19356 --- [restartedMain] JpaBaseConfiguration$JpaWebConfiguration : spring.jpa.open-in-view is enabled by default. Therefore, database queries may be performed during view rendering. Explicitly configure spring.jpa.open-in-view to disable this warning
2022-11-11 13:55:29.712  INFO 19356 --- [restartedMain] o.s.b.d.a.OptionalLiveReloadServer       : LiveReload server is running on port 35729
2022-11-11 13:55:29.730  INFO 19356 --- [restartedMain] o.s.b.w.embedded.tomcat.TomcatWebServer  : Tomcat started on port(s): 8888 (http) with context path ''
2022-11-11 13:55:29.736  INFO 19356 --- [restartedMain] c.a.CalipersassignmentApplication        : Started CalipersassignmentApplication in 1.505 seconds (JVM running for 384.436)
2022-11-11 13:55:29.737  INFO 19356 --- [restartedMain] .ConditionEvaluationDeltaLoggingListener : Condition evaluation unchanged
2022-11-11 14:00:30.004  INFO 19356 --- [File Watcher] rtingClassPathChangeChangedEventListener : Restarting due to 1 class path change (0 additions, 0 deletions, 1 modification)
2022-11-11 14:00:30.017  INFO 19356 --- [Thread-15] o.apache.catalina.core.StandardService   : Stopping service [Tomcat]
2022-11-11 14:00:30.022  INFO 19356 --- [Thread-15] j.LocalContainerEntityManagerFactoryBean : Closing JPA EntityManagerFactory for persistence unit 'default'
2022-11-11 14:00:30.023  INFO 19356 --- [Thread-15] com.zaxxer.hikari.HikariDataSource       : HikariPool-4 - Shutdown initiated...
2022-11-11 14:00:30.028  INFO 19356 --- [Thread-15] com.zaxxer.hikari.HikariDataSource       : HikariPool-4 - Shutdown completed.
2022-11-11 14:00:30.123  INFO 19356 --- [restartedMain] c.a.CalipersassignmentApplication        : Starting CalipersassignmentApplication using Java 17.0.4.1 on Chatterjee4 with PID 19356 (C:\Users\sampa\Documents\Calipers Assignment\calipersassignment\target\classes started by sampa in C:\Users\sampa\Documents\Calipers Assignment\calipersassignment)
2022-11-11 14:00:30.123  INFO 19356 --- [restartedMain] c.a.CalipersassignmentApplication        : No active profile set, falling back to 1 default profile: "default"
2022-11-11 14:00:30.370  INFO 19356 --- [restartedMain] .s.d.r.c.RepositoryConfigurationDelegate : Bootstrapping Spring Data JPA repositories in DEFAULT mode.
2022-11-11 14:00:30.398  INFO 19356 --- [restartedMain] .s.d.r.c.RepositoryConfigurationDelegate : Finished Spring Data repository scanning in 27 ms. Found 4 JPA repository interfaces.
2022-11-11 14:00:30.486  INFO 19356 --- [restartedMain] o.s.b.w.embedded.tomcat.TomcatWebServer  : Tomcat initialized with port(s): 8888 (http)
2022-11-11 14:00:30.487  INFO 19356 --- [restartedMain] o.apache.catalina.core.StandardService   : Starting service [Tomcat]
2022-11-11 14:00:30.487  INFO 19356 --- [restartedMain] org.apache.catalina.core.StandardEngine  : Starting Servlet engine: [Apache Tomcat/9.0.68]
2022-11-11 14:00:30.524  INFO 19356 --- [restartedMain] o.a.c.c.C.[Tomcat].[localhost].[/]       : Initializing Spring embedded WebApplicationContext
2022-11-11 14:00:30.524  INFO 19356 --- [restartedMain] w.s.c.ServletWebServerApplicationContext : Root WebApplicationContext: initialization completed in 397 ms
2022-11-11 14:00:30.568  INFO 19356 --- [restartedMain] o.hibernate.jpa.internal.util.LogHelper  : HHH000204: Processing PersistenceUnitInfo [name: default]
2022-11-11 14:00:30.576  INFO 19356 --- [restartedMain] com.zaxxer.hikari.HikariDataSource       : HikariPool-5 - Starting...
2022-11-11 14:00:30.590  INFO 19356 --- [restartedMain] com.zaxxer.hikari.HikariDataSource       : HikariPool-5 - Start completed.
2022-11-11 14:00:30.590  INFO 19356 --- [restartedMain] org.hibernate.dialect.Dialect            : HHH000400: Using dialect: org.hibernate.dialect.MySQL8Dialect
2022-11-11 14:00:30.699  INFO 19356 --- [restartedMain] o.h.e.t.j.p.i.JtaPlatformInitiator       : HHH000490: Using JtaPlatform implementation: [org.hibernate.engine.transaction.jta.platform.internal.NoJtaPlatform]
2022-11-11 14:00:30.699  INFO 19356 --- [restartedMain] j.LocalContainerEntityManagerFactoryBean : Initialized JPA EntityManagerFactory for persistence unit 'default'
2022-11-11 14:00:30.886  WARN 19356 --- [restartedMain] JpaBaseConfiguration$JpaWebConfiguration : spring.jpa.open-in-view is enabled by default. Therefore, database queries may be performed during view rendering. Explicitly configure spring.jpa.open-in-view to disable this warning
2022-11-11 14:00:31.497  INFO 19356 --- [restartedMain] o.s.b.d.a.OptionalLiveReloadServer       : LiveReload server is running on port 35729
2022-11-11 14:00:31.516  INFO 19356 --- [restartedMain] o.s.b.w.embedded.tomcat.TomcatWebServer  : Tomcat started on port(s): 8888 (http) with context path ''
2022-11-11 14:00:31.522  INFO 19356 --- [restartedMain] c.a.CalipersassignmentApplication        : Started CalipersassignmentApplication in 1.436 seconds (JVM running for 686.222)
2022-11-11 14:00:31.524  INFO 19356 --- [restartedMain] .ConditionEvaluationDeltaLoggingListener : Condition evaluation unchanged
2022-11-11 14:03:04.908  INFO 19356 --- [File Watcher] rtingClassPathChangeChangedEventListener : Restarting due to 1 class path change (0 additions, 0 deletions, 1 modification)
2022-11-11 14:03:04.919  INFO 19356 --- [Thread-19] o.apache.catalina.core.StandardService   : Stopping service [Tomcat]
2022-11-11 14:03:04.924  INFO 19356 --- [Thread-19] j.LocalContainerEntityManagerFactoryBean : Closing JPA EntityManagerFactory for persistence unit 'default'
2022-11-11 14:03:04.925  INFO 19356 --- [Thread-19] com.zaxxer.hikari.HikariDataSource       : HikariPool-5 - Shutdown initiated...
2022-11-11 14:03:04.930  INFO 19356 --- [Thread-19] com.zaxxer.hikari.HikariDataSource       : HikariPool-5 - Shutdown completed.
2022-11-11 14:03:05.030  INFO 19356 --- [restartedMain] c.a.CalipersassignmentApplication        : Starting CalipersassignmentApplication using Java 17.0.4.1 on Chatterjee4 with PID 19356 (C:\Users\sampa\Documents\Calipers Assignment\calipersassignment\target\classes started by sampa in C:\Users\sampa\Documents\Calipers Assignment\calipersassignment)
2022-11-11 14:03:05.030  INFO 19356 --- [restartedMain] c.a.CalipersassignmentApplication        : No active profile set, falling back to 1 default profile: "default"
2022-11-11 14:03:05.294  INFO 19356 --- [restartedMain] .s.d.r.c.RepositoryConfigurationDelegate : Bootstrapping Spring Data JPA repositories in DEFAULT mode.
2022-11-11 14:03:05.326  INFO 19356 --- [restartedMain] .s.d.r.c.RepositoryConfigurationDelegate : Finished Spring Data repository scanning in 32 ms. Found 4 JPA repository interfaces.
2022-11-11 14:03:05.421  INFO 19356 --- [restartedMain] o.s.b.w.embedded.tomcat.TomcatWebServer  : Tomcat initialized with port(s): 8888 (http)
2022-11-11 14:03:05.422  INFO 19356 --- [restartedMain] o.apache.catalina.core.StandardService   : Starting service [Tomcat]
2022-11-11 14:03:05.422  INFO 19356 --- [restartedMain] org.apache.catalina.core.StandardEngine  : Starting Servlet engine: [Apache Tomcat/9.0.68]
2022-11-11 14:03:05.452  INFO 19356 --- [restartedMain] o.a.c.c.C.[Tomcat].[localhost].[/]       : Initializing Spring embedded WebApplicationContext
2022-11-11 14:03:05.452  INFO 19356 --- [restartedMain] w.s.c.ServletWebServerApplicationContext : Root WebApplicationContext: initialization completed in 418 ms
2022-11-11 14:03:05.491  INFO 19356 --- [restartedMain] o.hibernate.jpa.internal.util.LogHelper  : HHH000204: Processing PersistenceUnitInfo [name: default]
2022-11-11 14:03:05.501  INFO 19356 --- [restartedMain] com.zaxxer.hikari.HikariDataSource       : HikariPool-6 - Starting...
2022-11-11 14:03:05.518  INFO 19356 --- [restartedMain] com.zaxxer.hikari.HikariDataSource       : HikariPool-6 - Start completed.
2022-11-11 14:03:05.518  INFO 19356 --- [restartedMain] org.hibernate.dialect.Dialect            : HHH000400: Using dialect: org.hibernate.dialect.MySQL8Dialect
2022-11-11 14:03:05.628  INFO 19356 --- [restartedMain] o.h.e.t.j.p.i.JtaPlatformInitiator       : HHH000490: Using JtaPlatform implementation: [org.hibernate.engine.transaction.jta.platform.internal.NoJtaPlatform]
2022-11-11 14:03:05.628  INFO 19356 --- [restartedMain] j.LocalContainerEntityManagerFactoryBean : Initialized JPA EntityManagerFactory for persistence unit 'default'
2022-11-11 14:03:05.842  WARN 19356 --- [restartedMain] JpaBaseConfiguration$JpaWebConfiguration : spring.jpa.open-in-view is enabled by default. Therefore, database queries may be performed during view rendering. Explicitly configure spring.jpa.open-in-view to disable this warning
2022-11-11 14:03:06.461  INFO 19356 --- [restartedMain] o.s.b.d.a.OptionalLiveReloadServer       : LiveReload server is running on port 35729
2022-11-11 14:03:06.478  INFO 19356 --- [restartedMain] o.s.b.w.embedded.tomcat.TomcatWebServer  : Tomcat started on port(s): 8888 (http) with context path ''
2022-11-11 14:03:06.485  INFO 19356 --- [restartedMain] c.a.CalipersassignmentApplication        : Started CalipersassignmentApplication in 1.493 seconds (JVM running for 841.186)
2022-11-11 14:03:06.487  INFO 19356 --- [restartedMain] .ConditionEvaluationDeltaLoggingListener : Condition evaluation unchanged
2022-11-11 14:03:53.150  INFO 19356 --- [http-nio-8888-exec-1] o.a.c.c.C.[Tomcat].[localhost].[/]       : Initializing Spring DispatcherServlet 'dispatcherServlet'
2022-11-11 14:03:53.151  INFO 19356 --- [http-nio-8888-exec-1] o.s.web.servlet.DispatcherServlet        : Initializing Servlet 'dispatcherServlet'
2022-11-11 14:03:53.152  INFO 19356 --- [http-nio-8888-exec-1] o.s.web.servlet.DispatcherServlet        : Completed initialization in 1 ms
2022-11-11 14:05:11.903  INFO 19356 --- [File Watcher] rtingClassPathChangeChangedEventListener : Restarting due to 1 class path change (0 additions, 0 deletions, 1 modification)
2022-11-11 14:05:11.915  INFO 19356 --- [Thread-23] o.apache.catalina.core.StandardService   : Stopping service [Tomcat]
2022-11-11 14:05:11.916  INFO 19356 --- [Thread-23] o.a.c.c.C.[Tomcat].[localhost].[/]       : Destroying Spring FrameworkServlet 'dispatcherServlet'
2022-11-11 14:05:11.920  INFO 19356 --- [Thread-23] j.LocalContainerEntityManagerFactoryBean : Closing JPA EntityManagerFactory for persistence unit 'default'
2022-11-11 14:05:11.921  INFO 19356 --- [Thread-23] com.zaxxer.hikari.HikariDataSource       : HikariPool-6 - Shutdown initiated...
2022-11-11 14:05:11.927  INFO 19356 --- [Thread-23] com.zaxxer.hikari.HikariDataSource       : HikariPool-6 - Shutdown completed.
2022-11-11 14:05:12.019  INFO 19356 --- [restartedMain] c.a.CalipersassignmentApplication        : Starting CalipersassignmentApplication using Java 17.0.4.1 on Chatterjee4 with PID 19356 (C:\Users\sampa\Documents\Calipers Assignment\calipersassignment\target\classes started by sampa in C:\Users\sampa\Documents\Calipers Assignment\calipersassignment)
2022-11-11 14:05:12.019  INFO 19356 --- [restartedMain] c.a.CalipersassignmentApplication        : No active profile set, falling back to 1 default profile: "default"
2022-11-11 14:05:12.304  INFO 19356 --- [restartedMain] .s.d.r.c.RepositoryConfigurationDelegate : Bootstrapping Spring Data JPA repositories in DEFAULT mode.
2022-11-11 14:05:12.340  INFO 19356 --- [restartedMain] .s.d.r.c.RepositoryConfigurationDelegate : Finished Spring Data repository scanning in 35 ms. Found 4 JPA repository interfaces.
2022-11-11 14:05:12.435  INFO 19356 --- [restartedMain] o.s.b.w.embedded.tomcat.TomcatWebServer  : Tomcat initialized with port(s): 8888 (http)
2022-11-11 14:05:12.436  INFO 19356 --- [restartedMain] o.apache.catalina.core.StandardService   : Starting service [Tomcat]
2022-11-11 14:05:12.436  INFO 19356 --- [restartedMain] org.apache.catalina.core.StandardEngine  : Starting Servlet engine: [Apache Tomcat/9.0.68]
2022-11-11 14:05:12.469  INFO 19356 --- [restartedMain] o.a.c.c.C.[Tomcat].[localhost].[/]       : Initializing Spring embedded WebApplicationContext
2022-11-11 14:05:12.470  INFO 19356 --- [restartedMain] w.s.c.ServletWebServerApplicationContext : Root WebApplicationContext: initialization completed in 448 ms
2022-11-11 14:05:12.508  INFO 19356 --- [restartedMain] o.hibernate.jpa.internal.util.LogHelper  : HHH000204: Processing PersistenceUnitInfo [name: default]
2022-11-11 14:05:12.515  INFO 19356 --- [restartedMain] com.zaxxer.hikari.HikariDataSource       : HikariPool-7 - Starting...
2022-11-11 14:05:12.529  INFO 19356 --- [restartedMain] com.zaxxer.hikari.HikariDataSource       : HikariPool-7 - Start completed.
2022-11-11 14:05:12.529  INFO 19356 --- [restartedMain] org.hibernate.dialect.Dialect            : HHH000400: Using dialect: org.hibernate.dialect.MySQL8Dialect
2022-11-11 14:05:12.629  INFO 19356 --- [restartedMain] o.h.e.t.j.p.i.JtaPlatformInitiator       : HHH000490: Using JtaPlatform implementation: [org.hibernate.engine.transaction.jta.platform.internal.NoJtaPlatform]
2022-11-11 14:05:12.629  INFO 19356 --- [restartedMain] j.LocalContainerEntityManagerFactoryBean : Initialized JPA EntityManagerFactory for persistence unit 'default'
2022-11-11 14:05:12.818  WARN 19356 --- [restartedMain] JpaBaseConfiguration$JpaWebConfiguration : spring.jpa.open-in-view is enabled by default. Therefore, database queries may be performed during view rendering. Explicitly configure spring.jpa.open-in-view to disable this warning
2022-11-11 14:05:13.400  INFO 19356 --- [restartedMain] o.s.b.d.a.OptionalLiveReloadServer       : LiveReload server is running on port 35729
2022-11-11 14:05:13.418  INFO 19356 --- [restartedMain] o.s.b.w.embedded.tomcat.TomcatWebServer  : Tomcat started on port(s): 8888 (http) with context path ''
2022-11-11 14:05:13.422  INFO 19356 --- [restartedMain] c.a.CalipersassignmentApplication        : Started CalipersassignmentApplication in 1.436 seconds (JVM running for 968.123)
2022-11-11 14:05:13.424  INFO 19356 --- [restartedMain] .ConditionEvaluationDeltaLoggingListener : Condition evaluation unchanged
2022-11-11 14:05:19.457  INFO 19356 --- [http-nio-8888-exec-2] o.a.c.c.C.[Tomcat].[localhost].[/]       : Initializing Spring DispatcherServlet 'dispatcherServlet'
2022-11-11 14:05:19.458  INFO 19356 --- [http-nio-8888-exec-2] o.s.web.servlet.DispatcherServlet        : Initializing Servlet 'dispatcherServlet'
2022-11-11 14:05:19.459  INFO 19356 --- [http-nio-8888-exec-2] o.s.web.servlet.DispatcherServlet        : Completed initialization in 1 ms
2022-11-11 14:05:19.480 ERROR 19356 --- [http-nio-8888-exec-2] o.a.c.c.C.[.[.[/].[dispatcherServlet]    : Servlet.service() for servlet [dispatcherServlet] in context with path [] threw exception [Request processing failed; nested exception is javax.persistence.EntityNotFoundException: Unable to find com.assignment.model.Buyer with id 7] with root cause

javax.persistence.EntityNotFoundException: Unable to find com.assignment.model.Buyer with id 7
	at org.hibernate.jpa.boot.internal.EntityManagerFactoryBuilderImpl$JpaEntityNotFoundDelegate.handleEntityNotFound(EntityManagerFactoryBuilderImpl.java:177) ~[hibernate-core-5.6.12.Final.jar:5.6.12.Final]
	at org.hibernate.proxy.AbstractLazyInitializer.checkTargetState(AbstractLazyInitializer.java:298) ~[hibernate-core-5.6.12.Final.jar:5.6.12.Final]
	at org.hibernate.proxy.AbstractLazyInitializer.initialize(AbstractLazyInitializer.java:187) ~[hibernate-core-5.6.12.Final.jar:5.6.12.Final]
	at org.hibernate.proxy.AbstractLazyInitializer.getImplementation(AbstractLazyInitializer.java:322) ~[hibernate-core-5.6.12.Final.jar:5.6.12.Final]
	at org.hibernate.proxy.pojo.bytebuddy.ByteBuddyInterceptor.intercept(ByteBuddyInterceptor.java:45) ~[hibernate-core-5.6.12.Final.jar:5.6.12.Final]
	at org.hibernate.proxy.ProxyConfiguration$InterceptorDispatcher.intercept(ProxyConfiguration.java:95) ~[hibernate-core-5.6.12.Final.jar:5.6.12.Final]
	at com.assignment.model.Buyer$HibernateProxy$KsDUBabh.toString(Unknown Source) ~[classes/:na]
	at java.base/java.lang.String.valueOf(String.java:4218) ~[na:na]
	at java.base/java.io.PrintStream.println(PrintStream.java:1047) ~[na:na]
	at com.assignment.service.BuyerServiceImpl.deleteBuyer(BuyerServiceImpl.java:90) ~[classes/:na]
	at com.assignment.controller.BuyerController.deleteBuyerController(BuyerController.java:41) ~[classes/:na]
	at java.base/jdk.internal.reflect.NativeMethodAccessorImpl.invoke0(Native Method) ~[na:na]
	at java.base/jdk.internal.reflect.NativeMethodAccessorImpl.invoke(NativeMethodAccessorImpl.java:77) ~[na:na]
	at java.base/jdk.internal.reflect.DelegatingMethodAccessorImpl.invoke(DelegatingMethodAccessorImpl.java:43) ~[na:na]
	at java.base/java.lang.reflect.Method.invoke(Method.java:568) ~[na:na]
	at org.springframework.web.method.support.InvocableHandlerMethod.doInvoke(InvocableHandlerMethod.java:205) ~[spring-web-5.3.23.jar:5.3.23]
	at org.springframework.web.method.support.InvocableHandlerMethod.invokeForRequest(InvocableHandlerMethod.java:150) ~[spring-web-5.3.23.jar:5.3.23]
	at org.springframework.web.servlet.mvc.method.annotation.ServletInvocableHandlerMethod.invokeAndHandle(ServletInvocableHandlerMethod.java:117) ~[spring-webmvc-5.3.23.jar:5.3.23]
	at org.springframework.web.servlet.mvc.method.annotation.RequestMappingHandlerAdapter.invokeHandlerMethod(RequestMappingHandlerAdapter.java:895) ~[spring-webmvc-5.3.23.jar:5.3.23]
	at org.springframework.web.servlet.mvc.method.annotation.RequestMappingHandlerAdapter.handleInternal(RequestMappingHandlerAdapter.java:808) ~[spring-webmvc-5.3.23.jar:5.3.23]
	at org.springframework.web.servlet.mvc.method.AbstractHandlerMethodAdapter.handle(AbstractHandlerMethodAdapter.java:87) ~[spring-webmvc-5.3.23.jar:5.3.23]
	at org.springframework.web.servlet.DispatcherServlet.doDispatch(DispatcherServlet.java:1071) ~[spring-webmvc-5.3.23.jar:5.3.23]
	at org.springframework.web.servlet.DispatcherServlet.doService(DispatcherServlet.java:964) ~[spring-webmvc-5.3.23.jar:5.3.23]
	at org.springframework.web.servlet.FrameworkServlet.processRequest(FrameworkServlet.java:1006) ~[spring-webmvc-5.3.23.jar:5.3.23]
	at org.springframework.web.servlet.FrameworkServlet.doDelete(FrameworkServlet.java:931) ~[spring-webmvc-5.3.23.jar:5.3.23]
	at javax.servlet.http.HttpServlet.service(HttpServlet.java:702) ~[tomcat-embed-core-9.0.68.jar:4.0.FR]
	at org.springframework.web.servlet.FrameworkServlet.service(FrameworkServlet.java:883) ~[spring-webmvc-5.3.23.jar:5.3.23]
	at javax.servlet.http.HttpServlet.service(HttpServlet.java:779) ~[tomcat-embed-core-9.0.68.jar:4.0.FR]
	at org.apache.catalina.core.ApplicationFilterChain.internalDoFilter(ApplicationFilterChain.java:227) ~[tomcat-embed-core-9.0.68.jar:9.0.68]
	at org.apache.catalina.core.ApplicationFilterChain.doFilter(ApplicationFilterChain.java:162) ~[tomcat-embed-core-9.0.68.jar:9.0.68]
	at org.apache.tomcat.websocket.server.WsFilter.doFilter(WsFilter.java:53) ~[tomcat-embed-websocket-9.0.68.jar:9.0.68]
	at org.apache.catalina.core.ApplicationFilterChain.internalDoFilter(ApplicationFilterChain.java:189) ~[tomcat-embed-core-9.0.68.jar:9.0.68]
	at org.apache.catalina.core.ApplicationFilterChain.doFilter(ApplicationFilterChain.java:162) ~[tomcat-embed-core-9.0.68.jar:9.0.68]
	at org.springframework.web.filter.RequestContextFilter.doFilterInternal(RequestContextFilter.java:100) ~[spring-web-5.3.23.jar:5.3.23]
	at org.springframework.web.filter.OncePerRequestFilter.doFilter(OncePerRequestFilter.java:117) ~[spring-web-5.3.23.jar:5.3.23]
	at org.apache.catalina.core.ApplicationFilterChain.internalDoFilter(ApplicationFilterChain.java:189) ~[tomcat-embed-core-9.0.68.jar:9.0.68]
	at org.apache.catalina.core.ApplicationFilterChain.doFilter(ApplicationFilterChain.java:162) ~[tomcat-embed-core-9.0.68.jar:9.0.68]
	at org.springframework.web.filter.FormContentFilter.doFilterInternal(FormContentFilter.java:93) ~[spring-web-5.3.23.jar:5.3.23]
	at org.springframework.web.filter.OncePerRequestFilter.doFilter(OncePerRequestFilter.java:117) ~[spring-web-5.3.23.jar:5.3.23]
	at org.apache.catalina.core.ApplicationFilterChain.internalDoFilter(ApplicationFilterChain.java:189) ~[tomcat-embed-core-9.0.68.jar:9.0.68]
	at org.apache.catalina.core.ApplicationFilterChain.doFilter(ApplicationFilterChain.java:162) ~[tomcat-embed-core-9.0.68.jar:9.0.68]
	at org.springframework.web.filter.CharacterEncodingFilter.doFilterInternal(CharacterEncodingFilter.java:201) ~[spring-web-5.3.23.jar:5.3.23]
	at org.springframework.web.filter.OncePerRequestFilter.doFilter(OncePerRequestFilter.java:117) ~[spring-web-5.3.23.jar:5.3.23]
	at org.apache.catalina.core.ApplicationFilterChain.internalDoFilter(ApplicationFilterChain.java:189) ~[tomcat-embed-core-9.0.68.jar:9.0.68]
	at org.apache.catalina.core.ApplicationFilterChain.doFilter(ApplicationFilterChain.java:162) ~[tomcat-embed-core-9.0.68.jar:9.0.68]
	at org.apache.catalina.core.StandardWrapperValve.invoke(StandardWrapperValve.java:197) ~[tomcat-embed-core-9.0.68.jar:9.0.68]
	at org.apache.catalina.core.StandardContextValve.invoke(StandardContextValve.java:97) ~[tomcat-embed-core-9.0.68.jar:9.0.68]
	at org.apache.catalina.authenticator.AuthenticatorBase.invoke(AuthenticatorBase.java:541) ~[tomcat-embed-core-9.0.68.jar:9.0.68]
	at org.apache.catalina.core.StandardHostValve.invoke(StandardHostValve.java:135) ~[tomcat-embed-core-9.0.68.jar:9.0.68]
	at org.apache.catalina.valves.ErrorReportValve.invoke(ErrorReportValve.java:92) ~[tomcat-embed-core-9.0.68.jar:9.0.68]
	at org.apache.catalina.core.StandardEngineValve.invoke(StandardEngineValve.java:78) ~[tomcat-embed-core-9.0.68.jar:9.0.68]
	at org.apache.catalina.connector.CoyoteAdapter.service(CoyoteAdapter.java:360) ~[tomcat-embed-core-9.0.68.jar:9.0.68]
	at org.apache.coyote.http11.Http11Processor.service(Http11Processor.java:399) ~[tomcat-embed-core-9.0.68.jar:9.0.68]
	at org.apache.coyote.AbstractProcessorLight.process(AbstractProcessorLight.java:65) ~[tomcat-embed-core-9.0.68.jar:9.0.68]
	at org.apache.coyote.AbstractProtocol$ConnectionHandler.process(AbstractProtocol.java:893) ~[tomcat-embed-core-9.0.68.jar:9.0.68]
	at org.apache.tomcat.util.net.NioEndpoint$SocketProcessor.doRun(NioEndpoint.java:1789) ~[tomcat-embed-core-9.0.68.jar:9.0.68]
	at org.apache.tomcat.util.net.SocketProcessorBase.run(SocketProcessorBase.java:49) ~[tomcat-embed-core-9.0.68.jar:9.0.68]
	at org.apache.tomcat.util.threads.ThreadPoolExecutor.runWorker(ThreadPoolExecutor.java:1191) ~[tomcat-embed-core-9.0.68.jar:9.0.68]
	at org.apache.tomcat.util.threads.ThreadPoolExecutor$Worker.run(ThreadPoolExecutor.java:659) ~[tomcat-embed-core-9.0.68.jar:9.0.68]
	at org.apache.tomcat.util.threads.TaskThread$WrappingRunnable.run(TaskThread.java:61) ~[tomcat-embed-core-9.0.68.jar:9.0.68]
	at java.base/java.lang.Thread.run(Thread.java:833) ~[na:na]

2022-11-11 14:07:43.708  INFO 19356 --- [File Watcher] rtingClassPathChangeChangedEventListener : Restarting due to 1 class path change (0 additions, 0 deletions, 1 modification)
2022-11-11 14:07:43.721  INFO 19356 --- [Thread-27] o.apache.catalina.core.StandardService   : Stopping service [Tomcat]
2022-11-11 14:07:43.722  INFO 19356 --- [Thread-27] o.a.c.c.C.[Tomcat].[localhost].[/]       : Destroying Spring FrameworkServlet 'dispatcherServlet'
2022-11-11 14:07:43.726  INFO 19356 --- [Thread-27] j.LocalContainerEntityManagerFactoryBean : Closing JPA EntityManagerFactory for persistence unit 'default'
2022-11-11 14:07:43.726  INFO 19356 --- [Thread-27] com.zaxxer.hikari.HikariDataSource       : HikariPool-7 - Shutdown initiated...
2022-11-11 14:07:43.731  INFO 19356 --- [Thread-27] com.zaxxer.hikari.HikariDataSource       : HikariPool-7 - Shutdown completed.
2022-11-11 14:07:43.829  INFO 19356 --- [restartedMain] c.a.CalipersassignmentApplication        : Starting CalipersassignmentApplication using Java 17.0.4.1 on Chatterjee4 with PID 19356 (C:\Users\sampa\Documents\Calipers Assignment\calipersassignment\target\classes started by sampa in C:\Users\sampa\Documents\Calipers Assignment\calipersassignment)
2022-11-11 14:07:43.830  INFO 19356 --- [restartedMain] c.a.CalipersassignmentApplication        : No active profile set, falling back to 1 default profile: "default"
2022-11-11 14:07:44.086  INFO 19356 --- [restartedMain] .s.d.r.c.RepositoryConfigurationDelegate : Bootstrapping Spring Data JPA repositories in DEFAULT mode.
2022-11-11 14:07:44.122  INFO 19356 --- [restartedMain] .s.d.r.c.RepositoryConfigurationDelegate : Finished Spring Data repository scanning in 35 ms. Found 4 JPA repository interfaces.
2022-11-11 14:07:44.208  INFO 19356 --- [restartedMain] o.s.b.w.embedded.tomcat.TomcatWebServer  : Tomcat initialized with port(s): 8888 (http)
2022-11-11 14:07:44.209  INFO 19356 --- [restartedMain] o.apache.catalina.core.StandardService   : Starting service [Tomcat]
2022-11-11 14:07:44.210  INFO 19356 --- [restartedMain] org.apache.catalina.core.StandardEngine  : Starting Servlet engine: [Apache Tomcat/9.0.68]
2022-11-11 14:07:44.243  INFO 19356 --- [restartedMain] o.a.c.c.C.[Tomcat].[localhost].[/]       : Initializing Spring embedded WebApplicationContext
2022-11-11 14:07:44.243  INFO 19356 --- [restartedMain] w.s.c.ServletWebServerApplicationContext : Root WebApplicationContext: initialization completed in 410 ms
2022-11-11 14:07:44.286  INFO 19356 --- [restartedMain] o.hibernate.jpa.internal.util.LogHelper  : HHH000204: Processing PersistenceUnitInfo [name: default]
2022-11-11 14:07:44.293  INFO 19356 --- [restartedMain] com.zaxxer.hikari.HikariDataSource       : HikariPool-8 - Starting...
2022-11-11 14:07:44.311  INFO 19356 --- [restartedMain] com.zaxxer.hikari.HikariDataSource       : HikariPool-8 - Start completed.
2022-11-11 14:07:44.311  INFO 19356 --- [restartedMain] org.hibernate.dialect.Dialect            : HHH000400: Using dialect: org.hibernate.dialect.MySQL8Dialect
2022-11-11 14:07:44.416  INFO 19356 --- [restartedMain] o.h.e.t.j.p.i.JtaPlatformInitiator       : HHH000490: Using JtaPlatform implementation: [org.hibernate.engine.transaction.jta.platform.internal.NoJtaPlatform]
2022-11-11 14:07:44.417  INFO 19356 --- [restartedMain] j.LocalContainerEntityManagerFactoryBean : Initialized JPA EntityManagerFactory for persistence unit 'default'
2022-11-11 14:07:44.606  WARN 19356 --- [restartedMain] JpaBaseConfiguration$JpaWebConfiguration : spring.jpa.open-in-view is enabled by default. Therefore, database queries may be performed during view rendering. Explicitly configure spring.jpa.open-in-view to disable this warning
2022-11-11 14:07:45.252  INFO 19356 --- [restartedMain] o.s.b.d.a.OptionalLiveReloadServer       : LiveReload server is running on port 35729
2022-11-11 14:07:45.267  INFO 19356 --- [restartedMain] o.s.b.w.embedded.tomcat.TomcatWebServer  : Tomcat started on port(s): 8888 (http) with context path ''
2022-11-11 14:07:45.274  INFO 19356 --- [restartedMain] c.a.CalipersassignmentApplication        : Started CalipersassignmentApplication in 1.482 seconds (JVM running for 1119.975)
2022-11-11 14:07:45.275  INFO 19356 --- [restartedMain] .ConditionEvaluationDeltaLoggingListener : Condition evaluation unchanged
2022-11-11 16:17:36.603  WARN 19356 --- [HikariPool-8 housekeeper] com.zaxxer.hikari.pool.HikariPool        : HikariPool-8 - Thread starvation or clock leap detected (housekeeper delta=53m51s33ms88µs100ns).
2022-11-11 16:49:12.003  INFO 19356 --- [File Watcher] rtingClassPathChangeChangedEventListener : Restarting due to 1 class path change (0 additions, 0 deletions, 1 modification)
2022-11-11 16:49:12.073  INFO 19356 --- [Thread-31] o.apache.catalina.core.StandardService   : Stopping service [Tomcat]
2022-11-11 16:49:12.109  INFO 19356 --- [Thread-31] j.LocalContainerEntityManagerFactoryBean : Closing JPA EntityManagerFactory for persistence unit 'default'
2022-11-11 16:49:12.131  INFO 19356 --- [Thread-31] com.zaxxer.hikari.HikariDataSource       : HikariPool-8 - Shutdown initiated...
2022-11-11 16:49:12.147  INFO 19356 --- [Thread-31] com.zaxxer.hikari.HikariDataSource       : HikariPool-8 - Shutdown completed.
2022-11-11 16:49:12.352  INFO 19356 --- [restartedMain] c.a.CalipersassignmentApplication        : Starting CalipersassignmentApplication using Java 17.0.4.1 on Chatterjee4 with PID 19356 (C:\Users\sampa\Documents\Calipers Assignment\calipersassignment\target\classes started by sampa in C:\Users\sampa\Documents\Calipers Assignment\calipersassignment)
2022-11-11 16:49:12.353  INFO 19356 --- [restartedMain] c.a.CalipersassignmentApplication        : No active profile set, falling back to 1 default profile: "default"
2022-11-11 16:49:12.688  INFO 19356 --- [restartedMain] .s.d.r.c.RepositoryConfigurationDelegate : Bootstrapping Spring Data JPA repositories in DEFAULT mode.
2022-11-11 16:49:12.724  INFO 19356 --- [restartedMain] .s.d.r.c.RepositoryConfigurationDelegate : Finished Spring Data repository scanning in 35 ms. Found 4 JPA repository interfaces.
2022-11-11 16:49:12.874  INFO 19356 --- [restartedMain] o.s.b.w.embedded.tomcat.TomcatWebServer  : Tomcat initialized with port(s): 8888 (http)
2022-11-11 16:49:12.874  INFO 19356 --- [restartedMain] o.apache.catalina.core.StandardService   : Starting service [Tomcat]
2022-11-11 16:49:12.875  INFO 19356 --- [restartedMain] org.apache.catalina.core.StandardEngine  : Starting Servlet engine: [Apache Tomcat/9.0.68]
2022-11-11 16:49:12.908  INFO 19356 --- [restartedMain] o.a.c.c.C.[Tomcat].[localhost].[/]       : Initializing Spring embedded WebApplicationContext
2022-11-11 16:49:12.908  INFO 19356 --- [restartedMain] w.s.c.ServletWebServerApplicationContext : Root WebApplicationContext: initialization completed in 551 ms
2022-11-11 16:49:12.964  INFO 19356 --- [restartedMain] o.hibernate.jpa.internal.util.LogHelper  : HHH000204: Processing PersistenceUnitInfo [name: default]
2022-11-11 16:49:12.973  INFO 19356 --- [restartedMain] com.zaxxer.hikari.HikariDataSource       : HikariPool-9 - Starting...
2022-11-11 16:49:12.989  INFO 19356 --- [restartedMain] com.zaxxer.hikari.HikariDataSource       : HikariPool-9 - Start completed.
2022-11-11 16:49:12.989  INFO 19356 --- [restartedMain] org.hibernate.dialect.Dialect            : HHH000400: Using dialect: org.hibernate.dialect.MySQL8Dialect
2022-11-11 16:49:13.166  INFO 19356 --- [restartedMain] o.h.e.t.j.p.i.JtaPlatformInitiator       : HHH000490: Using JtaPlatform implementation: [org.hibernate.engine.transaction.jta.platform.internal.NoJtaPlatform]
2022-11-11 16:49:13.167  INFO 19356 --- [restartedMain] j.LocalContainerEntityManagerFactoryBean : Initialized JPA EntityManagerFactory for persistence unit 'default'
2022-11-11 16:49:13.386  WARN 19356 --- [restartedMain] JpaBaseConfiguration$JpaWebConfiguration : spring.jpa.open-in-view is enabled by default. Therefore, database queries may be performed during view rendering. Explicitly configure spring.jpa.open-in-view to disable this warning
2022-11-11 16:49:14.040  INFO 19356 --- [restartedMain] o.s.b.d.a.OptionalLiveReloadServer       : LiveReload server is running on port 35729
2022-11-11 16:49:14.061  INFO 19356 --- [restartedMain] o.s.b.w.embedded.tomcat.TomcatWebServer  : Tomcat started on port(s): 8888 (http) with context path ''
2022-11-11 16:49:14.068  INFO 19356 --- [restartedMain] c.a.CalipersassignmentApplication        : Started CalipersassignmentApplication in 1.767 seconds (JVM running for 10808.782)
2022-11-11 16:49:14.069  INFO 19356 --- [restartedMain] .ConditionEvaluationDeltaLoggingListener : Condition evaluation unchanged
2022-11-11 16:50:01.491  INFO 19356 --- [RMI TCP Connection(134)-127.0.0.1] inMXBeanRegistrar$SpringApplicationAdmin : Application shutdown requested.
2022-11-11 16:50:01.504  INFO 19356 --- [RMI TCP Connection(134)-127.0.0.1] o.apache.catalina.core.StandardService   : Stopping service [Tomcat]
2022-11-11 16:50:01.511  INFO 19356 --- [RMI TCP Connection(134)-127.0.0.1] j.LocalContainerEntityManagerFactoryBean : Closing JPA EntityManagerFactory for persistence unit 'default'
2022-11-11 16:50:01.512  INFO 19356 --- [RMI TCP Connection(134)-127.0.0.1] com.zaxxer.hikari.HikariDataSource       : HikariPool-9 - Shutdown initiated...
2022-11-11 16:50:01.523  INFO 19356 --- [RMI TCP Connection(134)-127.0.0.1] com.zaxxer.hikari.HikariDataSource       : HikariPool-9 - Shutdown completed.
